[0525/043103.807:ERROR:process_info.cc(359)] UncheckedAllocate
[0525/043105.487:ERROR:process_memory_win.cc(73)] ReadMemory at 0x7ff7ef010000 of 64 bytes failed: Only part of a ReadProcessMemory or WriteProcessMemory request was completed. (0x12B)
[0525/043105.487:WARNING:pe_image_reader.cc(340)] could not read dos header from C:\Program Files (x86)\Google\Chrome\Application\chrome.exe
[0525/043105.487:ERROR:process_memory_win.cc(73)] ReadMemory at 0x7ffe6c920000 of 64 bytes failed: Only part of a ReadProcessMemory or WriteProcessMemory request was completed. (0x12B)
[0525/043105.487:WARNING:pe_image_reader.cc(340)] could not read dos header from C:\WINDOWS\SYSTEM32\ntdll.dll
[0525/043105.487:ERROR:process_memory_win.cc(73)] ReadMemory at 0x7ffe6c7a0000 of 64 bytes failed: Only part of a ReadProcessMemory or WriteProcessMemory request was completed. (0x12B)
[0525/043105.595:WARNING:pe_image_reader.cc(340)] could not read dos header from C:\WINDOWS\System32\KERNEL32.DLL
[0525/043105.595:ERROR:process_memory_win.cc(73)] ReadMemory at 0x7ffe6a050000 of 64 bytes failed: Only part of a ReadProcessMemory or WriteProcessMemory request was completed. (0x12B)
[0525/043105.595:WARNING:pe_image_reader.cc(340)] could not read dos header from C:\WINDOWS\System32\KERNELBASE.dll
[0525/043105.595:ERROR:process_memory_win.cc(73)] ReadMemory at 0x7ffe50e20000 of 64 bytes failed: Only part of a ReadProcessMemory or WriteProcessMemory request was completed. (0x12B)
[0525/043105.595:WARNING:pe_image_reader.cc(340)] could not read dos header from C:\Program Files (x86)\Google\Chrome\Application\81.0.4044.138\chrome_elf.dll
[0525/043105.595:ERROR:process_memory_win.cc(73)] ReadMemory at 0x7ffe5cb60000 of 64 bytes failed: Only part of a ReadProcessMemory or WriteProcessMemory request was completed. (0x12B)
[0525/043105.595:WARNING:pe_image_reader.cc(340)] could not read dos header from C:\WINDOWS\SYSTEM32\VERSION.dll
[0525/043105.595:ERROR:process_memory_win.cc(73)] ReadMemory at 0x7ffe6b7c0000 of 64 bytes failed: Only part of a ReadProcessMemory or WriteProcessMemory request was completed. (0x12B)
[0525/043105.595:WARNING:pe_image_reader.cc(340)] could not read dos header from C:\WINDOWS\System32\msvcrt.dll
[0525/043105.595:ERROR:process_memory_win.cc(73)] ReadMemory at 0x7ffe6a8f0000 of 64 bytes failed: Only part of a ReadProcessMemory or WriteProcessMemory request was completed. (0x12B)
[0525/043105.595:WARNING:pe_image_reader.cc(340)] could not read dos header from C:\WINDOWS\System32\bcryptPrimitives.dll
[0525/043105.595:ERROR:process_memory_win.cc(73)] ReadMemory at 0x7ffe6ad60000 of 64 bytes failed: Only part of a ReadProcessMemory or WriteProcessMemory request was completed. (0x12B)
[0525/043105.595:WARNING:pe_image_reader.cc(340)] could not read dos header from C:\WINDOWS\System32\ADVAPI32.dll
[0525/043105.595:ERROR:process_memory_win.cc(73)] ReadMemory at 0x7ffe6ae10000 of 64 bytes failed: Only part of a ReadProcessMemory or WriteProcessMemory request was completed. (0x12B)
[0525/043105.595:WARNING:pe_image_reader.cc(340)] could not read dos header from C:\WINDOWS\System32\sechost.dll
[0525/043105.595:ERROR:process_memory_win.cc(73)] ReadMemory at 0x7ffe6abe0000 of 64 bytes failed: Only part of a ReadProcessMemory or WriteProcessMemory request was completed. (0x12B)
[0525/043105.595:WARNING:pe_image_reader.cc(340)] could not read dos header from C:\WINDOWS\System32\RPCRT4.dll
[0525/043105.595:ERROR:process_memory_win.cc(73)] ReadMemory at 0x7ffe20360000 of 64 bytes failed: Only part of a ReadProcessMemory or WriteProcessMemory request was completed. (0x12B)
[0525/043105.595:WARNING:pe_image_reader.cc(340)] could not read dos header from C:\Program Files (x86)\Google\Chrome\Application\81.0.4044.138\chrome.dll
[0525/043105.596:ERROR:process_memory_win.cc(73)] ReadMemory at 0x7ffe6b610000 of 64 bytes failed: Only part of a ReadProcessMemory or WriteProcessMemory request was completed. (0x12B)
[0525/043105.596:WARNING:pe_image_reader.cc(340)] could not read dos header from C:\WINDOWS\System32\WS2_32.dll
[0525/043105.596:ERROR:process_memory_win.cc(73)] ReadMemory at 0x7ffe6b6f0000 of 64 bytes failed: Only part of a ReadProcessMemory or WriteProcessMemory request was completed. (0x12B)
[0525/043105.627:WARNING:pe_image_reader.cc(340)] could not read dos header from C:\WINDOWS\System32\OLEAUT32.dll
[0525/043105.627:ERROR:process_memory_win.cc(73)] ReadMemory at 0x7ffe6a300000 of 64 bytes failed: Only part of a ReadProcessMemory or WriteProcessMemory request was completed. (0x12B)
[0525/043105.627:WARNING:pe_image_reader.cc(340)] could not read dos header from C:\WINDOWS\System32\msvcp_win.dll
[0525/043105.627:ERROR:process_memory_win.cc(73)] ReadMemory at 0x7ffe6a400000 of 64 bytes failed: Only part of a ReadProcessMemory or WriteProcessMemory request was completed. (0x12B)
[0525/043105.627:WARNING:pe_image_reader.cc(340)] could not read dos header from C:\WINDOWS\System32\ucrtbase.dll
[0525/043105.627:ERROR:process_memory_win.cc(73)] ReadMemory at 0x7ffe6c100000 of 64 bytes failed: Only part of a ReadProcessMemory or WriteProcessMemory request was completed. (0x12B)
[0525/043105.627:WARNING:pe_image_reader.cc(340)] could not read dos header from C:\WINDOWS\System32\combase.dll
[0525/043105.627:ERROR:process_memory_win.cc(73)] ReadMemory at 0x7ffe6a970000 of 64 bytes failed: Only part of a ReadProcessMemory or WriteProcessMemory request was completed. (0x12B)
[0525/043105.627:WARNING:pe_image_reader.cc(340)] could not read dos header from C:\WINDOWS\System32\WINTRUST.dll
[0525/043105.627:ERROR:process_memory_win.cc(73)] ReadMemory at 0x7ffe69890000 of 64 bytes failed: Only part of a ReadProcessMemory or WriteProcessMemory request was completed. (0x12B)
[0525/043105.627:WARNING:pe_image_reader.cc(340)] could not read dos header from C:\WINDOWS\System32\MSASN1.dll
[0525/043105.627:ERROR:process_memory_win.cc(73)] ReadMemory at 0x7ffe6a7a0000 of 64 bytes failed: Only part of a ReadProcessMemory or WriteProcessMemory request was completed. (0x12B)
[0525/043105.627:WARNING:pe_image_reader.cc(340)] could not read dos header from C:\WINDOWS\System32\CRYPT32.dll
[0525/043105.627:ERROR:process_memory_win.cc(73)] ReadMemory at 0x7ffe68d00000 of 64 bytes failed: Only part of a ReadProcessMemory or WriteProcessMemory request was completed. (0x12B)
[0525/043105.627:WARNING:pe_image_reader.cc(340)] could not read dos header from C:\WINDOWS\SYSTEM32\IPHLPAPI.DLL
[0525/043105.627:ERROR:process_memory_win.cc(73)] ReadMemory at 0x7ffe67230000 of 64 bytes failed: Only part of a ReadProcessMemory or WriteProcessMemory request was completed. (0x12B)
[0525/043105.627:WARNING:pe_image_reader.cc(340)] could not read dos header from C:\WINDOWS\SYSTEM32\WINMM.dll
[0525/043105.627:ERROR:process_memory_win.cc(73)] ReadMemory at 0x7ffe57800000 of 64 bytes failed: Only part of a ReadProcessMemory or WriteProcessMemory request was completed. (0x12B)
[0525/043105.628:WARNING:pe_image_reader.cc(340)] could not read dos header from C:\WINDOWS\SYSTEM32\Secur32.dll
[0525/043105.628:ERROR:process_memory_win.cc(73)] ReadMemory at 0x7ffe69700000 of 64 bytes failed: Only part of a ReadProcessMemory or WriteProcessMemory request was completed. (0x12B)
[0525/043105.628:WARNING:pe_image_reader.cc(340)] could not read dos header from C:\WINDOWS\SYSTEM32\USERENV.dll
[0525/043105.628:ERROR:process_memory_win.cc(73)] ReadMemory at 0x7ffe69810000 of 64 bytes failed: Only part of a ReadProcessMemory or WriteProcessMemory request was completed. (0x12B)
[0525/043105.628:WARNING:pe_image_reader.cc(340)] could not read dos header from C:\WINDOWS\System32\profapi.dll
[0525/043105.628:ERROR:process_memory_win.cc(73)] ReadMemory at 0x7ffe40d20000 of 64 bytes failed: Only part of a ReadProcessMemory or WriteProcessMemory request was completed. (0x12B)
[0525/043105.628:WARNING:pe_image_reader.cc(340)] could not read dos header from C:\WINDOWS\SYSTEM32\UIAutomationCore.DLL
[0525/043105.628:ERROR:process_memory_win.cc(73)] ReadMemory at 0x7ffe59170000 of 64 bytes failed: Only part of a ReadProcessMemory or WriteProcessMemory request was completed. (0x12B)
[0525/043105.628:WARNING:pe_image_reader.cc(340)] could not read dos header from C:\WINDOWS\SYSTEM32\DWrite.dll
[0525/043105.628:ERROR:process_memory_win.cc(73)] ReadMemory at 0x7ffe54fe0000 of 64 bytes failed: Only part of a ReadProcessMemory or WriteProcessMemory request was completed. (0x12B)
[0525/043105.628:WARNING:pe_image_reader.cc(340)] could not read dos header from C:\WINDOWS\SYSTEM32\WINSPOOL.DRV
[0525/043105.628:ERROR:process_memory_win.cc(73)] ReadMemory at 0x7ffe697f0000 of 64 bytes failed: Only part of a ReadProcessMemory or WriteProcessMemory request was completed. (0x12B)
[0525/043105.628:WARNING:pe_image_reader.cc(340)] could not read dos header from C:\WINDOWS\System32\kernel.appcore.dll
[0525/043105.628:ERROR:process_memory_win.cc(73)] ReadMemory at 0x7ffe6a3d0000 of 64 bytes failed: Only part of a ReadProcessMemory or WriteProcessMemory request was completed. (0x12B)
[0525/043105.628:WARNING:pe_image_reader.cc(340)] could not read dos header from C:\WINDOWS\System32\bcrypt.dll
[0525/043105.628:ERROR:process_memory_win.cc(73)] ReadMemory at 0x7ffe52ca0000 of 64 bytes failed: Only part of a ReadProcessMemory or WriteProcessMemory request was completed. (0x12B)
[0525/043105.628:WARNING:pe_image_reader.cc(340)] could not read dos header from C:\WINDOWS\SYSTEM32\dbghelp.dll
[0525/043105.628:ERROR:process_memory_win.cc(73)] ReadMemory at 0x7ffe62d10000 of 64 bytes failed: Only part of a ReadProcessMemory or WriteProcessMemory request was completed. (0x12B)
[0525/043105.628:WARNING:pe_image_reader.cc(340)] could not read dos header from C:\WINDOWS\SYSTEM32\WINHTTP.dll
[0525/043105.628:ERROR:process_memory_win.cc(73)] ReadMemory at 0x7ffe64290000 of 64 bytes failed: Only part of a ReadProcessMemory or WriteProcessMemory request was completed. (0x12B)
[0525/043105.628:WARNING:pe_image_reader.cc(340)] could not read dos header from C:\WINDOWS\SYSTEM32\dhcpcsvc.DLL
[0525/043105.628:ERROR:process_memory_win.cc(73)] ReadMemory at 0x7ffe6c770000 of 64 bytes failed: Only part of a ReadProcessMemory or WriteProcessMemory request was completed. (0x12B)
[0525/043105.628:WARNING:pe_image_reader.cc(340)] could not read dos header from C:\WINDOWS\System32\NSI.dll
[0525/043105.628:ERROR:process_memory_win.cc(73)] ReadMemory at 0x7ffe67200000 of 64 bytes failed: Only part of a ReadProcessMemory or WriteProcessMemory request was completed. (0x12B)
[0525/043105.628:WARNING:pe_image_reader.cc(340)] could not read dos header from C:\WINDOWS\SYSTEM32\WINMMBASE.dll
[0525/043105.628:ERROR:process_memory_win.cc(73)] ReadMemory at 0x7ffe6a5b0000 of 64 bytes failed: Only part of a ReadProcessMemory or WriteProcessMemory request was completed. (0x12B)
[0525/043105.628:WARNING:pe_image_reader.cc(340)] could not read dos header from C:\WINDOWS\System32\cfgmgr32.dll
[0525/043105.628:ERROR:process_memory_win.cc(73)] ReadMemory at 0x7ffe65f10000 of 64 bytes failed: Only part of a ReadProcessMemory or WriteProcessMemory request was completed. (0x12B)
[0525/043105.628:WARNING:pe_image_reader.cc(340)] could not read dos header from C:\WINDOWS\SYSTEM32\PROPSYS.dll
[0525/043105.629:ERROR:process_memory_win.cc(73)] ReadMemory at 0x7ffe6aeb0000 of 64 bytes failed: Only part of a ReadProcessMemory or WriteProcessMemory request was completed. (0x12B)
[0525/043105.629:WARNING:pe_image_reader.cc(340)] could not read dos header from C:\WINDOWS\System32\shcore.dll
[0525/043105.629:ERROR:process_memory_win.cc(73)] ReadMemory at 0x7ffe696d0000 of 64 bytes failed: Only part of a ReadProcessMemory or WriteProcessMemory request was completed. (0x12B)
[0525/043105.629:WARNING:pe_image_reader.cc(340)] could not read dos header from C:\WINDOWS\SYSTEM32\SSPICLI.DLL
[0525/043105.629:ERROR:process_memory_win.cc(73)] ReadMemory at 0x7ffe69220000 of 64 bytes failed: Only part of a ReadProcessMemory or WriteProcessMemory request was completed. (0x12B)
[0525/043105.629:WARNING:pe_image_reader.cc(340)] could not read dos header from C:\WINDOWS\SYSTEM32\CRYPTBASE.DLL
[0525/043105.775:ERROR:process_memory_win.cc(73)] ReadMemory at 0x7ff7ef010000 of 64 bytes failed: Only part of a ReadProcessMemory or WriteProcessMemory request was completed. (0x12B)
[0525/043105.775:WARNING:pe_image_reader.cc(340)] could not read dos header from C:\Program Files (x86)\Google\Chrome\Application\chrome.exe
[0525/043105.775:ERROR:process_memory_win.cc(73)] ReadMemory at 0x7ffe6c920000 of 64 bytes failed: Only part of a ReadProcessMemory or WriteProcessMemory request was completed. (0x12B)
[0525/043105.775:WARNING:pe_image_reader.cc(340)] could not read dos header from C:\WINDOWS\SYSTEM32\ntdll.dll
[0525/043105.775:ERROR:process_memory_win.cc(73)] ReadMemory at 0x7ffe6c7a0000 of 64 bytes failed: Only part of a ReadProcessMemory or WriteProcessMemory request was completed. (0x12B)
[0525/043105.775:WARNING:pe_image_reader.cc(340)] could not read dos header from C:\WINDOWS\System32\KERNEL32.DLL
[0525/043105.775:ERROR:process_memory_win.cc(73)] ReadMemory at 0x7ffe6a050000 of 64 bytes failed: Only part of a ReadProcessMemory or WriteProcessMemory request was completed. (0x12B)
[0525/043105.775:WARNING:pe_image_reader.cc(340)] could not read dos header from C:\WINDOWS\System32\KERNELBASE.dll
[0525/043105.775:ERROR:process_memory_win.cc(73)] ReadMemory at 0x7ffe50e20000 of 64 bytes failed: Only part of a ReadProcessMemory or WriteProcessMemory request was completed. (0x12B)
[0525/043105.775:WARNING:pe_image_reader.cc(340)] could not read dos header from C:\Program Files (x86)\Google\Chrome\Application\81.0.4044.138\chrome_elf.dll
[0525/043105.775:ERROR:process_memory_win.cc(73)] ReadMemory at 0x7ffe5cb60000 of 64 bytes failed: Only part of a ReadProcessMemory or WriteProcessMemory request was completed. (0x12B)
[0525/043105.775:WARNING:pe_image_reader.cc(340)] could not read dos header from C:\WINDOWS\SYSTEM32\VERSION.dll
[0525/043105.775:ERROR:process_memory_win.cc(73)] ReadMemory at 0x7ffe6b7c0000 of 64 bytes failed: Only part of a ReadProcessMemory or WriteProcessMemory request was completed. (0x12B)
[0525/043105.775:WARNING:pe_image_reader.cc(340)] could not read dos header from C:\WINDOWS\System32\msvcrt.dll
[0525/043105.775:ERROR:process_memory_win.cc(73)] ReadMemory at 0x7ffe6a8f0000 of 64 bytes failed: Only part of a ReadProcessMemory or WriteProcessMemory request was completed. (0x12B)
[0525/043105.775:WARNING:pe_image_reader.cc(340)] could not read dos header from C:\WINDOWS\System32\bcryptPrimitives.dll
[0525/043105.775:ERROR:process_memory_win.cc(73)] ReadMemory at 0x7ffe6ad60000 of 64 bytes failed: Only part of a ReadProcessMemory or WriteProcessMemory request was completed. (0x12B)
[0525/043105.775:WARNING:pe_image_reader.cc(340)] could not read dos header from C:\WINDOWS\System32\ADVAPI32.dll
[0525/043105.775:ERROR:process_memory_win.cc(73)] ReadMemory at 0x7ffe6ae10000 of 64 bytes failed: Only part of a ReadProcessMemory or WriteProcessMemory request was completed. (0x12B)
[0525/043105.775:WARNING:pe_image_reader.cc(340)] could not read dos header from C:\WINDOWS\System32\sechost.dll
[0525/043105.775:ERROR:process_memory_win.cc(73)] ReadMemory at 0x7ffe6abe0000 of 64 bytes failed: Only part of a ReadProcessMemory or WriteProcessMemory request was completed. (0x12B)
[0525/043105.775:WARNING:pe_image_reader.cc(340)] could not read dos header from C:\WINDOWS\System32\RPCRT4.dll
[0525/043105.775:ERROR:process_memory_win.cc(73)] ReadMemory at 0x7ffe20360000 of 64 bytes failed: Only part of a ReadProcessMemory or WriteProcessMemory request was completed. (0x12B)
[0525/043105.775:WARNING:pe_image_reader.cc(340)] could not read dos header from C:\Program Files (x86)\Google\Chrome\Application\81.0.4044.138\chrome.dll
[0525/043105.775:ERROR:process_memory_win.cc(73)] ReadMemory at 0x7ffe6b610000 of 64 bytes failed: Only part of a ReadProcessMemory or WriteProcessMemory request was completed. (0x12B)
[0525/043105.775:WARNING:pe_image_reader.cc(340)] could not read dos header from C:\WINDOWS\System32\WS2_32.dll
[0525/043105.775:ERROR:process_memory_win.cc(73)] ReadMemory at 0x7ffe6b6f0000 of 64 bytes failed: Only part of a ReadProcessMemory or WriteProcessMemory request was completed. (0x12B)
[0525/043105.775:WARNING:pe_image_reader.cc(340)] could not read dos header from C:\WINDOWS\System32\OLEAUT32.dll
[0525/043105.776:ERROR:process_memory_win.cc(73)] ReadMemory at 0x7ffe6a300000 of 64 bytes failed: Only part of a ReadProcessMemory or WriteProcessMemory request was completed. (0x12B)
[0525/043105.776:WARNING:pe_image_reader.cc(340)] could not read dos header from C:\WINDOWS\System32\msvcp_win.dll
[0525/043105.776:ERROR:process_memory_win.cc(73)] ReadMemory at 0x7ffe6a400000 of 64 bytes failed: Only part of a ReadProcessMemory or WriteProcessMemory request was completed. (0x12B)
[0525/043105.776:WARNING:pe_image_reader.cc(340)] could not read dos header from C:\WINDOWS\System32\ucrtbase.dll
[0525/043105.776:ERROR:process_memory_win.cc(73)] ReadMemory at 0x7ffe6c100000 of 64 bytes failed: Only part of a ReadProcessMemory or WriteProcessMemory request was completed. (0x12B)
[0525/043105.776:WARNING:pe_image_reader.cc(340)] could not read dos header from C:\WINDOWS\System32\combase.dll
[0525/043105.776:ERROR:process_memory_win.cc(73)] ReadMemory at 0x7ffe6a970000 of 64 bytes failed: Only part of a ReadProcessMemory or WriteProcessMemory request was completed. (0x12B)
[0525/043105.776:WARNING:pe_image_reader.cc(340)] could not read dos header from C:\WINDOWS\System32\WINTRUST.dll
[0525/043105.776:ERROR:process_memory_win.cc(73)] ReadMemory at 0x7ffe69890000 of 64 bytes failed: Only part of a ReadProcessMemory or WriteProcessMemory request was completed. (0x12B)
[0525/043105.776:WARNING:pe_image_reader.cc(340)] could not read dos header from C:\WINDOWS\System32\MSASN1.dll
[0525/043105.776:ERROR:process_memory_win.cc(73)] ReadMemory at 0x7ffe6a7a0000 of 64 bytes failed: Only part of a ReadProcessMemory or WriteProcessMemory request was completed. (0x12B)
[0525/043105.776:WARNING:pe_image_reader.cc(340)] could not read dos header from C:\WINDOWS\System32\CRYPT32.dll
[0525/043105.776:ERROR:process_memory_win.cc(73)] ReadMemory at 0x7ffe68d00000 of 64 bytes failed: Only part of a ReadProcessMemory or WriteProcessMemory request was completed. (0x12B)
[0525/043105.776:WARNING:pe_image_reader.cc(340)] could not read dos header from C:\WINDOWS\SYSTEM32\IPHLPAPI.DLL
[0525/043105.776:ERROR:process_memory_win.cc(73)] ReadMemory at 0x7ffe67230000 of 64 bytes failed: Only part of a ReadProcessMemory or WriteProcessMemory request was completed. (0x12B)
[0525/043105.776:WARNING:pe_image_reader.cc(340)] could not read dos header from C:\WINDOWS\SYSTEM32\WINMM.dll
[0525/043105.776:ERROR:process_memory_win.cc(73)] ReadMemory at 0x7ffe57800000 of 64 bytes failed: Only part of a ReadProcessMemory or WriteProcessMemory request was completed. (0x12B)
[0525/043105.776:WARNING:pe_image_reader.cc(340)] could not read dos header from C:\WINDOWS\SYSTEM32\Secur32.dll
[0525/043105.776:ERROR:process_memory_win.cc(73)] ReadMemory at 0x7ffe69700000 of 64 bytes failed: Only part of a ReadProcessMemory or WriteProcessMemory request was completed. (0x12B)
[0525/043105.776:WARNING:pe_image_reader.cc(340)] could not read dos header from C:\WINDOWS\SYSTEM32\USERENV.dll
[0525/043105.776:ERROR:process_memory_win.cc(73)] ReadMemory at 0x7ffe69810000 of 64 bytes failed: Only part of a ReadProcessMemory or WriteProcessMemory request was completed. (0x12B)
[0525/043105.776:WARNING:pe_image_reader.cc(340)] could not read dos header from C:\WINDOWS\System32\profapi.dll
[0525/043105.776:ERROR:process_memory_win.cc(73)] ReadMemory at 0x7ffe40d20000 of 64 bytes failed: Only part of a ReadProcessMemory or WriteProcessMemory request was completed. (0x12B)
[0525/043105.776:WARNING:pe_image_reader.cc(340)] could not read dos header from C:\WINDOWS\SYSTEM32\UIAutomationCore.DLL
[0525/043105.776:ERROR:process_memory_win.cc(73)] ReadMemory at 0x7ffe59170000 of 64 bytes failed: Only part of a ReadProcessMemory or WriteProcessMemory request was completed. (0x12B)
[0525/043105.776:WARNING:pe_image_reader.cc(340)] could not read dos header from C:\WINDOWS\SYSTEM32\DWrite.dll
[0525/043105.776:ERROR:process_memory_win.cc(73)] ReadMemory at 0x7ffe54fe0000 of 64 bytes failed: Only part of a ReadProcessMemory or WriteProcessMemory request was completed. (0x12B)
[0525/043105.776:WARNING:pe_image_reader.cc(340)] could not read dos header from C:\WINDOWS\SYSTEM32\WINSPOOL.DRV
[0525/043105.776:ERROR:process_memory_win.cc(73)] ReadMemory at 0x7ffe697f0000 of 64 bytes failed: Only part of a ReadProcessMemory or WriteProcessMemory request was completed. (0x12B)
[0525/043105.776:WARNING:pe_image_reader.cc(340)] could not read dos header from C:\WINDOWS\System32\kernel.appcore.dll
[0525/043105.776:ERROR:process_memory_win.cc(73)] ReadMemory at 0x7ffe6a3d0000 of 64 bytes failed: Only part of a ReadProcessMemory or WriteProcessMemory request was completed. (0x12B)
[0525/043105.776:WARNING:pe_image_reader.cc(340)] could not read dos header from C:\WINDOWS\System32\bcrypt.dll
[0525/043105.776:ERROR:process_memory_win.cc(73)] ReadMemory at 0x7ffe52ca0000 of 64 bytes failed: Only part of a ReadProcessMemory or WriteProcessMemory request was completed. (0x12B)
[0525/043105.776:WARNING:pe_image_reader.cc(340)] could not read dos header from C:\WINDOWS\SYSTEM32\dbghelp.dll
[0525/043105.776:ERROR:process_memory_win.cc(73)] ReadMemory at 0x7ffe62d10000 of 64 bytes failed: Only part of a ReadProcessMemory or WriteProcessMemory request was completed. (0x12B)
[0525/043105.776:WARNING:pe_image_reader.cc(340)] could not read dos header from C:\WINDOWS\SYSTEM32\WINHTTP.dll
[0525/043105.777:ERROR:process_memory_win.cc(73)] ReadMemory at 0x7ffe64290000 of 64 bytes failed: Only part of a ReadProcessMemory or WriteProcessMemory request was completed. (0x12B)
[0525/043105.777:WARNING:pe_image_reader.cc(340)] could not read dos header from C:\WINDOWS\SYSTEM32\dhcpcsvc.DLL
[0525/043105.777:ERROR:process_memory_win.cc(73)] ReadMemory at 0x7ffe6c770000 of 64 bytes failed: Only part of a ReadProcessMemory or WriteProcessMemory request was completed. (0x12B)
[0525/043105.777:WARNING:pe_image_reader.cc(340)] could not read dos header from C:\WINDOWS\System32\NSI.dll
[0525/043105.777:ERROR:process_memory_win.cc(73)] ReadMemory at 0x7ffe67200000 of 64 bytes failed: Only part of a ReadProcessMemory or WriteProcessMemory request was completed. (0x12B)
[0525/043105.777:WARNING:pe_image_reader.cc(340)] could not read dos header from C:\WINDOWS\SYSTEM32\WINMMBASE.dll
[0525/043105.777:ERROR:process_memory_win.cc(73)] ReadMemory at 0x7ffe6a5b0000 of 64 bytes failed: Only part of a ReadProcessMemory or WriteProcessMemory request was completed. (0x12B)
[0525/043105.777:WARNING:pe_image_reader.cc(340)] could not read dos header from C:\WINDOWS\System32\cfgmgr32.dll
[0525/043105.777:ERROR:process_memory_win.cc(73)] ReadMemory at 0x7ffe65f10000 of 64 bytes failed: Only part of a ReadProcessMemory or WriteProcessMemory request was completed. (0x12B)
[0525/043105.777:WARNING:pe_image_reader.cc(340)] could not read dos header from C:\WINDOWS\SYSTEM32\PROPSYS.dll
[0525/043105.777:ERROR:process_memory_win.cc(73)] ReadMemory at 0x7ffe6aeb0000 of 64 bytes failed: Only part of a ReadProcessMemory or WriteProcessMemory request was completed. (0x12B)
[0525/043105.777:WARNING:pe_image_reader.cc(340)] could not read dos header from C:\WINDOWS\System32\shcore.dll
[0525/043105.777:ERROR:process_memory_win.cc(73)] ReadMemory at 0x7ffe696d0000 of 64 bytes failed: Only part of a ReadProcessMemory or WriteProcessMemory request was completed. (0x12B)
[0525/043105.777:WARNING:pe_image_reader.cc(340)] could not read dos header from C:\WINDOWS\SYSTEM32\SSPICLI.DLL
[0525/043105.777:ERROR:process_memory_win.cc(73)] ReadMemory at 0x7ffe69220000 of 64 bytes failed: Only part of a ReadProcessMemory or WriteProcessMemory request was completed. (0x12B)
[0525/043105.777:WARNING:pe_image_reader.cc(340)] could not read dos header from C:\WINDOWS\SYSTEM32\CRYPTBASE.DLL
[0525/043105.777:ERROR:process_memory_win.cc(73)] ReadMemory at 0x7ff7ef010000 of 64 bytes failed: Only part of a ReadProcessMemory or WriteProcessMemory request was completed. (0x12B)
[0525/043105.777:WARNING:pe_image_reader.cc(340)] could not read dos header from C:\Program Files (x86)\Google\Chrome\Application\chrome.exe
[0525/043105.777:ERROR:process_memory_win.cc(73)] ReadMemory at 0x7ffe6c920000 of 64 bytes failed: Only part of a ReadProcessMemory or WriteProcessMemory request was completed. (0x12B)
[0525/043105.777:WARNING:pe_image_reader.cc(340)] could not read dos header from C:\WINDOWS\SYSTEM32\ntdll.dll
[0525/043105.777:ERROR:process_memory_win.cc(73)] ReadMemory at 0x7ffe6c7a0000 of 64 bytes failed: Only part of a ReadProcessMemory or WriteProcessMemory request was completed. (0x12B)
[0525/043105.777:WARNING:pe_image_reader.cc(340)] could not read dos header from C:\WINDOWS\System32\KERNEL32.DLL
[0525/043105.777:ERROR:process_memory_win.cc(73)] ReadMemory at 0x7ffe6a050000 of 64 bytes failed: Only part of a ReadProcessMemory or WriteProcessMemory request was completed. (0x12B)
[0525/043105.777:WARNING:pe_image_reader.cc(340)] could not read dos header from C:\WINDOWS\System32\KERNELBASE.dll
[0525/043105.777:ERROR:process_memory_win.cc(73)] ReadMemory at 0x7ffe50e20000 of 64 bytes failed: Only part of a ReadProcessMemory or WriteProcessMemory request was completed. (0x12B)
[0525/043105.777:WARNING:pe_image_reader.cc(340)] could not read dos header from C:\Program Files (x86)\Google\Chrome\Application\81.0.4044.138\chrome_elf.dll
[0525/043105.777:ERROR:process_memory_win.cc(73)] ReadMemory at 0x7ffe5cb60000 of 64 bytes failed: Only part of a ReadProcessMemory or WriteProcessMemory request was completed. (0x12B)
[0525/043105.777:WARNING:pe_image_reader.cc(340)] could not read dos header from C:\WINDOWS\SYSTEM32\VERSION.dll
[0525/043105.778:ERROR:process_memory_win.cc(73)] ReadMemory at 0x7ffe6b7c0000 of 64 bytes failed: Only part of a ReadProcessMemory or WriteProcessMemory request was completed. (0x12B)
[0525/043105.778:WARNING:pe_image_reader.cc(340)] could not read dos header from C:\WINDOWS\System32\msvcrt.dll
[0525/043105.778:ERROR:process_memory_win.cc(73)] ReadMemory at 0x7ffe6a8f0000 of 64 bytes failed: Only part of a ReadProcessMemory or WriteProcessMemory request was completed. (0x12B)
[0525/043105.778:WARNING:pe_image_reader.cc(340)] could not read dos header from C:\WINDOWS\System32\bcryptPrimitives.dll
[0525/043105.778:ERROR:process_memory_win.cc(73)] ReadMemory at 0x7ffe6ad60000 of 64 bytes failed: Only part of a ReadProcessMemory or WriteProcessMemory request was completed. (0x12B)
[0525/043105.778:WARNING:pe_image_reader.cc(340)] could not read dos header from C:\WINDOWS\System32\ADVAPI32.dll
[0525/043105.778:ERROR:process_memory_win.cc(73)] ReadMemory at 0x7ffe6ae10000 of 64 bytes failed: Only part of a ReadProcessMemory or WriteProcessMemory request was completed. (0x12B)
[0525/043105.778:WARNING:pe_image_reader.cc(340)] could not read dos header from C:\WINDOWS\System32\sechost.dll
[0525/043105.778:ERROR:process_memory_win.cc(73)] ReadMemory at 0x7ffe6abe0000 of 64 bytes failed: Only part of a ReadProcessMemory or WriteProcessMemory request was completed. (0x12B)
[0525/043105.778:WARNING:pe_image_reader.cc(340)] could not read dos header from C:\WINDOWS\System32\RPCRT4.dll
[0525/043105.778:ERROR:process_memory_win.cc(73)] ReadMemory at 0x7ffe20360000 of 64 bytes failed: Only part of a ReadProcessMemory or WriteProcessMemory request was completed. (0x12B)
[0525/043105.778:WARNING:pe_image_reader.cc(340)] could not read dos header from C:\Program Files (x86)\Google\Chrome\Application\81.0.4044.138\chrome.dll
[0525/043105.778:ERROR:process_memory_win.cc(73)] ReadMemory at 0x7ffe6b610000 of 64 bytes failed: Only part of a ReadProcessMemory or WriteProcessMemory request was completed. (0x12B)
[0525/043105.778:WARNING:pe_image_reader.cc(340)] could not read dos header from C:\WINDOWS\System32\WS2_32.dll
[0525/043105.778:ERROR:process_memory_win.cc(73)] ReadMemory at 0x7ffe6b6f0000 of 64 bytes failed: Only part of a ReadProcessMemory or WriteProcessMemory request was completed. (0x12B)
[0525/043105.778:WARNING:pe_image_reader.cc(340)] could not read dos header from C:\WINDOWS\System32\OLEAUT32.dll
[0525/043105.778:ERROR:process_memory_win.cc(73)] ReadMemory at 0x7ffe6a300000 of 64 bytes failed: Only part of a ReadProcessMemory or WriteProcessMemory request was completed. (0x12B)
[0525/043105.778:WARNING:pe_image_reader.cc(340)] could not read dos header from C:\WINDOWS\System32\msvcp_win.dll
[0525/043105.778:ERROR:process_memory_win.cc(73)] ReadMemory at 0x7ffe6a400000 of 64 bytes failed: Only part of a ReadProcessMemory or WriteProcessMemory request was completed. (0x12B)
[0525/043105.778:WARNING:pe_image_reader.cc(340)] could not read dos header from C:\WINDOWS\System32\ucrtbase.dll
[0525/043105.778:ERROR:process_memory_win.cc(73)] ReadMemory at 0x7ffe6c100000 of 64 bytes failed: Only part of a ReadProcessMemory or WriteProcessMemory request was completed. (0x12B)
[0525/043105.778:WARNING:pe_image_reader.cc(340)] could not read dos header from C:\WINDOWS\System32\combase.dll
[0525/043105.778:ERROR:process_memory_win.cc(73)] ReadMemory at 0x7ffe6a970000 of 64 bytes failed: Only part of a ReadProcessMemory or WriteProcessMemory request was completed. (0x12B)
[0525/043105.778:WARNING:pe_image_reader.cc(340)] could not read dos header from C:\WINDOWS\System32\WINTRUST.dll
[0525/043105.778:ERROR:process_memory_win.cc(73)] ReadMemory at 0x7ffe69890000 of 64 bytes failed: Only part of a ReadProcessMemory or WriteProcessMemory request was completed. (0x12B)
[0525/043105.778:WARNING:pe_image_reader.cc(340)] could not read dos header from C:\WINDOWS\System32\MSASN1.dll
[0525/043105.778:ERROR:process_memory_win.cc(73)] ReadMemory at 0x7ffe6a7a0000 of 64 bytes failed: Only part of a ReadProcessMemory or WriteProcessMemory request was completed. (0x12B)
[0525/043105.778:WARNING:pe_image_reader.cc(340)] could not read dos header from C:\WINDOWS\System32\CRYPT32.dll
[0525/043105.778:ERROR:process_memory_win.cc(73)] ReadMemory at 0x7ffe68d00000 of 64 bytes failed: Only part of a ReadProcessMemory or WriteProcessMemory request was completed. (0x12B)
[0525/043105.778:WARNING:pe_image_reader.cc(340)] could not read dos header from C:\WINDOWS\SYSTEM32\IPHLPAPI.DLL
[0525/043105.778:ERROR:process_memory_win.cc(73)] ReadMemory at 0x7ffe67230000 of 64 bytes failed: Only part of a ReadProcessMemory or WriteProcessMemory request was completed. (0x12B)
[0525/043105.778:WARNING:pe_image_reader.cc(340)] could not read dos header from C:\WINDOWS\SYSTEM32\WINMM.dll
[0525/043105.778:ERROR:process_memory_win.cc(73)] ReadMemory at 0x7ffe57800000 of 64 bytes failed: Only part of a ReadProcessMemory or WriteProcessMemory request was completed. (0x12B)
[0525/043105.778:WARNING:pe_image_reader.cc(340)] could not read dos header from C:\WINDOWS\SYSTEM32\Secur32.dll
[0525/043105.778:ERROR:process_memory_win.cc(73)] ReadMemory at 0x7ffe69700000 of 64 bytes failed: Only part of a ReadProcessMemory or WriteProcessMemory request was completed. (0x12B)
[0525/043105.778:WARNING:pe_image_reader.cc(340)] could not read dos header from C:\WINDOWS\SYSTEM32\USERENV.dll
[0525/043105.778:ERROR:process_memory_win.cc(73)] ReadMemory at 0x7ffe69810000 of 64 bytes failed: Only part of a ReadProcessMemory or WriteProcessMemory request was completed. (0x12B)
[0525/043105.778:WARNING:pe_image_reader.cc(340)] could not read dos header from C:\WINDOWS\System32\profapi.dll
[0525/043105.779:ERROR:process_memory_win.cc(73)] ReadMemory at 0x7ffe40d20000 of 64 bytes failed: Only part of a ReadProcessMemory or WriteProcessMemory request was completed. (0x12B)
[0525/043105.779:WARNING:pe_image_reader.cc(340)] could not read dos header from C:\WINDOWS\SYSTEM32\UIAutomationCore.DLL
[0525/043105.779:ERROR:process_memory_win.cc(73)] ReadMemory at 0x7ffe59170000 of 64 bytes failed: Only part of a ReadProcessMemory or WriteProcessMemory request was completed. (0x12B)
[0525/043105.779:WARNING:pe_image_reader.cc(340)] could not read dos header from C:\WINDOWS\SYSTEM32\DWrite.dll
[0525/043105.779:ERROR:process_memory_win.cc(73)] ReadMemory at 0x7ffe54fe0000 of 64 bytes failed: Only part of a ReadProcessMemory or WriteProcessMemory request was completed. (0x12B)
[0525/043105.779:WARNING:pe_image_reader.cc(340)] could not read dos header from C:\WINDOWS\SYSTEM32\WINSPOOL.DRV
[0525/043105.779:ERROR:process_memory_win.cc(73)] ReadMemory at 0x7ffe697f0000 of 64 bytes failed: Only part of a ReadProcessMemory or WriteProcessMemory request was completed. (0x12B)
[0525/043105.779:WARNING:pe_image_reader.cc(340)] could not read dos header from C:\WINDOWS\System32\kernel.appcore.dll
[0525/043105.779:ERROR:process_memory_win.cc(73)] ReadMemory at 0x7ffe6a3d0000 of 64 bytes failed: Only part of a ReadProcessMemory or WriteProcessMemory request was completed. (0x12B)
[0525/043105.779:WARNING:pe_image_reader.cc(340)] could not read dos header from C:\WINDOWS\System32\bcrypt.dll
[0525/043105.779:ERROR:process_memory_win.cc(73)] ReadMemory at 0x7ffe52ca0000 of 64 bytes failed: Only part of a ReadProcessMemory or WriteProcessMemory request was completed. (0x12B)
[0525/043105.779:WARNING:pe_image_reader.cc(340)] could not read dos header from C:\WINDOWS\SYSTEM32\dbghelp.dll
[0525/043105.779:ERROR:process_memory_win.cc(73)] ReadMemory at 0x7ffe62d10000 of 64 bytes failed: Only part of a ReadProcessMemory or WriteProcessMemory request was completed. (0x12B)
[0525/043105.779:WARNING:pe_image_reader.cc(340)] could not read dos header from C:\WINDOWS\SYSTEM32\WINHTTP.dll
[0525/043105.779:ERROR:process_memory_win.cc(73)] ReadMemory at 0x7ffe64290000 of 64 bytes failed: Only part of a ReadProcessMemory or WriteProcessMemory request was completed. (0x12B)
[0525/043105.779:WARNING:pe_image_reader.cc(340)] could not read dos header from C:\WINDOWS\SYSTEM32\dhcpcsvc.DLL
[0525/043105.779:ERROR:process_memory_win.cc(73)] ReadMemory at 0x7ffe6c770000 of 64 bytes failed: Only part of a ReadProcessMemory or WriteProcessMemory request was completed. (0x12B)
[0525/043105.779:WARNING:pe_image_reader.cc(340)] could not read dos header from C:\WINDOWS\System32\NSI.dll
[0525/043105.779:ERROR:process_memory_win.cc(73)] ReadMemory at 0x7ffe67200000 of 64 bytes failed: Only part of a ReadProcessMemory or WriteProcessMemory request was completed. (0x12B)
[0525/043105.779:WARNING:pe_image_reader.cc(340)] could not read dos header from C:\WINDOWS\SYSTEM32\WINMMBASE.dll
[0525/043105.779:ERROR:process_memory_win.cc(73)] ReadMemory at 0x7ffe6a5b0000 of 64 bytes failed: Only part of a ReadProcessMemory or WriteProcessMemory request was completed. (0x12B)
[0525/043105.779:WARNING:pe_image_reader.cc(340)] could not read dos header from C:\WINDOWS\System32\cfgmgr32.dll
[0525/043105.779:ERROR:process_memory_win.cc(73)] ReadMemory at 0x7ffe65f10000 of 64 bytes failed: Only part of a ReadProcessMemory or WriteProcessMemory request was completed. (0x12B)
[0525/043105.779:WARNING:pe_image_reader.cc(340)] could not read dos header from C:\WINDOWS\SYSTEM32\PROPSYS.dll
[0525/043105.779:ERROR:process_memory_win.cc(73)] ReadMemory at 0x7ffe6aeb0000 of 64 bytes failed: Only part of a ReadProcessMemory or WriteProcessMemory request was completed. (0x12B)
[0525/043105.779:WARNING:pe_image_reader.cc(340)] could not read dos header from C:\WINDOWS\System32\shcore.dll
[0525/043105.779:ERROR:process_memory_win.cc(73)] ReadMemory at 0x7ffe696d0000 of 64 bytes failed: Only part of a ReadProcessMemory or WriteProcessMemory request was completed. (0x12B)
[0525/043105.779:WARNING:pe_image_reader.cc(340)] could not read dos header from C:\WINDOWS\SYSTEM32\SSPICLI.DLL
[0525/043105.779:ERROR:process_memory_win.cc(73)] ReadMemory at 0x7ffe69220000 of 64 bytes failed: Only part of a ReadProcessMemory or WriteProcessMemory request was completed. (0x12B)
[0525/043105.779:WARNING:pe_image_reader.cc(340)] could not read dos header from C:\WINDOWS\SYSTEM32\CRYPTBASE.DLL
[0525/043106.190:ERROR:process_memory_win.cc(73)] ReadMemory at 0xf4015fb000 of 20480 bytes failed: Only part of a ReadProcessMemory or WriteProcessMemory request was completed. (0x12B)
[0525/043106.190:ERROR:process_memory_win.cc(73)] ReadMemory at 0xf401dfd000 of 12288 bytes failed: Only part of a ReadProcessMemory or WriteProcessMemory request was completed. (0x12B)
[0525/043106.191:ERROR:process_memory_win.cc(73)] ReadMemory at 0xf4025fd000 of 12288 bytes failed: Only part of a ReadProcessMemory or WriteProcessMemory request was completed. (0x12B)
[0525/043106.191:ERROR:process_memory_win.cc(73)] ReadMemory at 0xf402dfd000 of 12288 bytes failed: Only part of a ReadProcessMemory or WriteProcessMemory request was completed. (0x12B)
[0525/043106.191:ERROR:process_memory_win.cc(73)] ReadMemory at 0xf4035fc000 of 16384 bytes failed: Only part of a ReadProcessMemory or WriteProcessMemory request was completed. (0x12B)
[0525/043106.191:ERROR:process_memory_win.cc(73)] ReadMemory at 0xf403dfe000 of 8192 bytes failed: Only part of a ReadProcessMemory or WriteProcessMemory request was completed. (0x12B)
[0525/043106.191:ERROR:process_memory_win.cc(73)] ReadMemory at 0xf4045fd000 of 12288 bytes failed: Only part of a ReadProcessMemory or WriteProcessMemory request was completed. (0x12B)
[0525/043106.191:ERROR:process_memory_win.cc(73)] ReadMemory at 0xf400c52000 of 852 bytes failed: Only part of a ReadProcessMemory or WriteProcessMemory request was completed. (0x12B)
[0525/043106.191:ERROR:process_memory_win.cc(73)] ReadMemory at 0xf400c53000 of 6024 bytes failed: Only part of a ReadProcessMemory or WriteProcessMemory request was completed. (0x12B)
[0525/043106.191:ERROR:process_memory_win.cc(73)] ReadMemory at 0xf400c55000 of 6024 bytes failed: Only part of a ReadProcessMemory or WriteProcessMemory request was completed. (0x12B)
[0525/043106.191:ERROR:process_memory_win.cc(73)] ReadMemory at 0xf400c57000 of 6024 bytes failed: Only part of a ReadProcessMemory or WriteProcessMemory request was completed. (0x12B)
[0525/043106.191:ERROR:process_memory_win.cc(73)] ReadMemory at 0xf400c59000 of 6024 bytes failed: Only part of a ReadProcessMemory or WriteProcessMemory request was completed. (0x12B)
[0525/043106.192:ERROR:process_memory_win.cc(73)] ReadMemory at 0xf400c5b000 of 6024 bytes failed: Only part of a ReadProcessMemory or WriteProcessMemory request was completed. (0x12B)
[0525/043106.192:ERROR:process_memory_win.cc(73)] ReadMemory at 0xf400c5d000 of 6024 bytes failed: Only part of a ReadProcessMemory or WriteProcessMemory request was completed. (0x12B)
[0525/043106.192:ERROR:process_memory_win.cc(73)] ReadMemory at 0xf400c5f000 of 6024 bytes failed: Only part of a ReadProcessMemory or WriteProcessMemory request was completed. (0x12B)
[0525/043106.192:ERROR:process_memory_win.cc(73)] ReadMemory at 0x2711ed30750 of 80 bytes failed: Only part of a ReadProcessMemory or WriteProcessMemory request was completed. (0x12B)
[0525/043106.192:ERROR:process_memory_win.cc(73)] ReadMemory at 0x2711ed30fe0 of 26688 bytes failed: Only part of a ReadProcessMemory or WriteProcessMemory request was completed. (0x12B)
[0525/043106.192:ERROR:process_memory_win.cc(73)] ReadMemory at 0x2711ed37830 of 1012 bytes failed: Only part of a ReadProcessMemory or WriteProcessMemory request was completed. (0x12B)
[0525/043106.192:ERROR:process_memory_win.cc(73)] ReadMemory at 0x2711ed37e78 of 118 bytes failed: Only part of a ReadProcessMemory or WriteProcessMemory request was completed. (0x12B)
[0525/043106.192:ERROR:process_memory_win.cc(73)] ReadMemory at 0x2711ed37ef0 of 800 bytes failed: Only part of a ReadProcessMemory or WriteProcessMemory request was completed. (0x12B)
[0525/043106.192:ERROR:process_memory_win.cc(73)] ReadMemory at 0x2711ed38212 of 118 bytes failed: Only part of a ReadProcessMemory or WriteProcessMemory request was completed. (0x12B)
[0525/043106.192:ERROR:process_memory_win.cc(73)] ReadMemory at 0x2711ed3828a of 98 bytes failed: Only part of a ReadProcessMemory or WriteProcessMemory request was completed. (0x12B)
[0525/043106.192:ERROR:process_memory_win.cc(73)] ReadMemory at 0x2711ed38300 of 58 bytes failed: Only part of a ReadProcessMemory or WriteProcessMemory request was completed. (0x12B)
[0525/043106.193:ERROR:process_memory_win.cc(73)] ReadMemory at 0x2711ed38400 of 132 bytes failed: Only part of a ReadProcessMemory or WriteProcessMemory request was completed. (0x12B)
[0525/043106.193:ERROR:process_memory_win.cc(73)] ReadMemory at 0x2711ed38590 of 132 bytes failed: Only part of a ReadProcessMemory or WriteProcessMemory request was completed. (0x12B)
[0525/043106.193:ERROR:process_memory_win.cc(73)] ReadMemory at 0x2711ed38750 of 126 bytes failed: Only part of a ReadProcessMemory or WriteProcessMemory request was completed. (0x12B)
[0525/043106.193:ERROR:process_memory_win.cc(73)] ReadMemory at 0x2711ed38b30 of 132 bytes failed: Only part of a ReadProcessMemory or WriteProcessMemory request was completed. (0x12B)
[0525/043106.193:ERROR:process_memory_win.cc(73)] ReadMemory at 0x2711ed38cc0 of 64 bytes failed: Only part of a ReadProcessMemory or WriteProcessMemory request was completed. (0x12B)
[0525/043106.193:ERROR:process_memory_win.cc(73)] ReadMemory at 0x2711ed38e80 of 132 bytes failed: Only part of a ReadProcessMemory or WriteProcessMemory request was completed. (0x12B)
[0525/043106.193:ERROR:process_memory_win.cc(73)] ReadMemory at 0x2711ed39120 of 132 bytes failed: Only part of a ReadProcessMemory or WriteProcessMemory request was completed. (0x12B)
[0525/043106.193:ERROR:process_memory_win.cc(73)] ReadMemory at 0x2711ed392b0 of 68 bytes failed: Only part of a ReadProcessMemory or WriteProcessMemory request was completed. (0x12B)
[0525/043106.193:ERROR:process_memory_win.cc(73)] ReadMemory at 0x2711ed3a390 of 132 bytes failed: Only part of a ReadProcessMemory or WriteProcessMemory request was completed. (0x12B)
[0525/043106.193:ERROR:process_memory_win.cc(73)] ReadMemory at 0x2711ed3a520 of 154 bytes failed: Only part of a ReadProcessMemory or WriteProcessMemory request was completed. (0x12B)
[0525/043106.193:ERROR:process_memory_win.cc(73)] ReadMemory at 0x2711ed3b260 of 132 bytes failed: Only part of a ReadProcessMemory or WriteProcessMemory request was completed. (0x12B)
[0525/043106.193:ERROR:process_memory_win.cc(73)] ReadMemory at 0x2711ed3b400 of 132 bytes failed: Only part of a ReadProcessMemory or WriteProcessMemory request was completed. (0x12B)
[0525/043106.193:ERROR:process_memory_win.cc(73)] ReadMemory at 0x2711ed3b590 of 60 bytes failed: Only part of a ReadProcessMemory or WriteProcessMemory request was completed. (0x12B)
[0525/043106.194:ERROR:process_memory_win.cc(73)] ReadMemory at 0x2711ed3bdb0 of 132 bytes failed: Only part of a ReadProcessMemory or WriteProcessMemory request was completed. (0x12B)
[0525/043106.194:ERROR:process_memory_win.cc(73)] ReadMemory at 0x2711ed3bee0 of 132 bytes failed: Only part of a ReadProcessMemory or WriteProcessMemory request was completed. (0x12B)
[0525/043106.194:ERROR:process_memory_win.cc(73)] ReadMemory at 0x2711ed3cf30 of 62 bytes failed: Only part of a ReadProcessMemory or WriteProcessMemory request was completed. (0x12B)
[0525/043106.194:ERROR:process_memory_win.cc(73)] ReadMemory at 0x2711ed3d720 of 132 bytes failed: Only part of a ReadProcessMemory or WriteProcessMemory request was completed. (0x12B)
[0525/043106.194:ERROR:process_memory_win.cc(73)] ReadMemory at 0x2711ed3da80 of 132 bytes failed: Only part of a ReadProcessMemory or WriteProcessMemory request was completed. (0x12B)
[0525/043106.194:ERROR:process_memory_win.cc(73)] ReadMemory at 0x2711ed3dc90 of 132 bytes failed: Only part of a ReadProcessMemory or WriteProcessMemory request was completed. (0x12B)
[0525/043106.194:ERROR:process_memory_win.cc(73)] ReadMemory at 0x2711ed3e280 of 132 bytes failed: Only part of a ReadProcessMemory or WriteProcessMemory request was completed. (0x12B)
[0525/043106.194:ERROR:process_memory_win.cc(73)] ReadMemory at 0x2711ed41310 of 64 bytes failed: Only part of a ReadProcessMemory or WriteProcessMemory request was completed. (0x12B)
[0525/043106.194:ERROR:process_memory_win.cc(73)] ReadMemory at 0x2711ed41360 of 62 bytes failed: Only part of a ReadProcessMemory or WriteProcessMemory request was completed. (0x12B)
[0525/043106.194:ERROR:process_memory_win.cc(73)] ReadMemory at 0x2711ed413b0 of 64 bytes failed: Only part of a ReadProcessMemory or WriteProcessMemory request was completed. (0x12B)
[0525/043106.194:ERROR:process_memory_win.cc(73)] ReadMemory at 0x2711ed41450 of 60 bytes failed: Only part of a ReadProcessMemory or WriteProcessMemory request was completed. (0x12B)
[0525/043106.194:ERROR:process_memory_win.cc(73)] ReadMemory at 0x2711ed414a0 of 66 bytes failed: Only part of a ReadProcessMemory or WriteProcessMemory request was completed. (0x12B)
[0525/043106.194:ERROR:process_memory_win.cc(73)] ReadMemory at 0x2711ed414f0 of 64 bytes failed: Only part of a ReadProcessMemory or WriteProcessMemory request was completed. (0x12B)
[0525/043106.195:ERROR:process_memory_win.cc(73)] ReadMemory at 0x2711ed41590 of 60 bytes failed: Only part of a ReadProcessMemory or WriteProcessMemory request was completed. (0x12B)
[0525/043106.195:ERROR:process_memory_win.cc(73)] ReadMemory at 0x2711ed417c0 of 62 bytes failed: Only part of a ReadProcessMemory or WriteProcessMemory request was completed. (0x12B)
[0525/043106.195:ERROR:process_memory_win.cc(73)] ReadMemory at 0x2711ed418b0 of 64 bytes failed: Only part of a ReadProcessMemory or WriteProcessMemory request was completed. (0x12B)
[0525/043106.195:ERROR:process_memory_win.cc(73)] ReadMemory at 0x2711ed41fd0 of 54 bytes failed: Only part of a ReadProcessMemory or WriteProcessMemory request was completed. (0x12B)
[0525/043106.195:ERROR:process_memory_win.cc(73)] ReadMemory at 0x2711ed45970 of 64 bytes failed: Only part of a ReadProcessMemory or WriteProcessMemory request was completed. (0x12B)
[0525/043106.195:ERROR:process_memory_win.cc(73)] ReadMemory at 0x2711ed45a10 of 62 bytes failed: Only part of a ReadProcessMemory or WriteProcessMemory request was completed. (0x12B)
[0525/043106.195:ERROR:process_memory_win.cc(73)] ReadMemory at 0x2711ed45b50 of 62 bytes failed: Only part of a ReadProcessMemory or WriteProcessMemory request was completed. (0x12B)
[0525/043106.195:ERROR:process_memory_win.cc(73)] ReadMemory at 0x2711ed45c40 of 62 bytes failed: Only part of a ReadProcessMemory or WriteProcessMemory request was completed. (0x12B)
[0525/043106.195:ERROR:process_memory_win.cc(73)] ReadMemory at 0x2711ed45ce0 of 62 bytes failed: Only part of a ReadProcessMemory or WriteProcessMemory request was completed. (0x12B)
[0525/043106.195:ERROR:process_memory_win.cc(73)] ReadMemory at 0x2711ed45d80 of 60 bytes failed: Only part of a ReadProcessMemory or WriteProcessMemory request was completed. (0x12B)
[0525/043106.195:ERROR:process_memory_win.cc(73)] ReadMemory at 0x2711ed45dd0 of 60 bytes failed: Only part of a ReadProcessMemory or WriteProcessMemory request was completed. (0x12B)
[0525/043106.195:ERROR:process_memory_win.cc(73)] ReadMemory at 0x2711ed45e70 of 62 bytes failed: Only part of a ReadProcessMemory or WriteProcessMemory request was completed. (0x12B)
[0525/043106.195:ERROR:process_memory_win.cc(73)] ReadMemory at 0x2711ed45ec0 of 64 bytes failed: Only part of a ReadProcessMemory or WriteProcessMemory request was completed. (0x12B)
[0525/043106.195:ERROR:process_memory_win.cc(73)] ReadMemory at 0x2711ed45f60 of 64 bytes failed: Only part of a ReadProcessMemory or WriteProcessMemory request was completed. (0x12B)
[0525/043106.195:ERROR:process_memory_win.cc(73)] ReadMemory at 0x2711ed45fb0 of 60 bytes failed: Only part of a ReadProcessMemory or WriteProcessMemory request was completed. (0x12B)
[0525/043106.196:ERROR:process_memory_win.cc(73)] ReadMemory at 0x2711ed46050 of 62 bytes failed: Only part of a ReadProcessMemory or WriteProcessMemory request was completed. (0x12B)
[0525/043106.196:ERROR:process_memory_win.cc(73)] ReadMemory at 0x2711ed460a0 of 64 bytes failed: Only part of a ReadProcessMemory or WriteProcessMemory request was completed. (0x12B)
[0525/043106.196:ERROR:process_memory_win.cc(73)] ReadMemory at 0x2711ed461e0 of 62 bytes failed: Only part of a ReadProcessMemory or WriteProcessMemory request was completed. (0x12B)
[0525/043106.196:ERROR:process_memory_win.cc(73)] ReadMemory at 0x2711ed46280 of 62 bytes failed: Only part of a ReadProcessMemory or WriteProcessMemory request was completed. (0x12B)
[0525/043106.196:ERROR:process_memory_win.cc(73)] ReadMemory at 0x2711ed46500 of 66 bytes failed: Only part of a ReadProcessMemory or WriteProcessMemory request was completed. (0x12B)
[0525/043106.196:ERROR:process_memory_win.cc(73)] ReadMemory at 0x2711ed465f0 of 58 bytes failed: Only part of a ReadProcessMemory or WriteProcessMemory request was completed. (0x12B)
[0525/043106.196:ERROR:process_memory_win.cc(73)] ReadMemory at 0x2711ed466e0 of 60 bytes failed: Only part of a ReadProcessMemory or WriteProcessMemory request was completed. (0x12B)
[0525/043106.196:ERROR:process_memory_win.cc(73)] ReadMemory at 0x2711ed484e0 of 132 bytes failed: Only part of a ReadProcessMemory or WriteProcessMemory request was completed. (0x12B)
[0525/043106.196:ERROR:process_memory_win.cc(73)] ReadMemory at 0x2711ed49f00 of 132 bytes failed: Only part of a ReadProcessMemory or WriteProcessMemory request was completed. (0x12B)
[0525/043106.196:ERROR:process_memory_win.cc(73)] ReadMemory at 0x2711ed4baa0 of 132 bytes failed: Only part of a ReadProcessMemory or WriteProcessMemory request was completed. (0x12B)
[0525/043106.196:ERROR:process_memory_win.cc(73)] ReadMemory at 0x2711ed4bbd0 of 132 bytes failed: Only part of a ReadProcessMemory or WriteProcessMemory request was completed. (0x12B)
[0525/043106.196:ERROR:process_memory_win.cc(73)] ReadMemory at 0x2711ed4bd00 of 132 bytes failed: Only part of a ReadProcessMemory or WriteProcessMemory request was completed. (0x12B)
[0525/043106.196:ERROR:process_memory_win.cc(73)] ReadMemory at 0x2711ed4be30 of 132 bytes failed: Only part of a ReadProcessMemory or WriteProcessMemory request was completed. (0x12B)
[0525/043106.196:ERROR:process_memory_win.cc(73)] ReadMemory at 0x2711ed4bf60 of 132 bytes failed: Only part of a ReadProcessMemory or WriteProcessMemory request was completed. (0x12B)
[0525/043106.197:ERROR:process_memory_win.cc(73)] ReadMemory at 0x2711ed4c090 of 132 bytes failed: Only part of a ReadProcessMemory or WriteProcessMemory request was completed. (0x12B)
[0525/043106.197:ERROR:process_memory_win.cc(73)] ReadMemory at 0x2711ed4c1c0 of 132 bytes failed: Only part of a ReadProcessMemory or WriteProcessMemory request was completed. (0x12B)
[0525/043106.197:ERROR:process_memory_win.cc(73)] ReadMemory at 0x2711ed4c2f0 of 132 bytes failed: Only part of a ReadProcessMemory or WriteProcessMemory request was completed. (0x12B)
[0525/043106.197:ERROR:process_memory_win.cc(73)] ReadMemory at 0x2711ed4c420 of 132 bytes failed: Only part of a ReadProcessMemory or WriteProcessMemory request was completed. (0x12B)
[0525/043106.197:ERROR:process_memory_win.cc(73)] ReadMemory at 0x2711ed4c550 of 132 bytes failed: Only part of a ReadProcessMemory or WriteProcessMemory request was completed. (0x12B)
[0525/043106.197:ERROR:process_memory_win.cc(73)] ReadMemory at 0x2711ed4c680 of 132 bytes failed: Only part of a ReadProcessMemory or WriteProcessMemory request was completed. (0x12B)
[0525/043106.197:ERROR:process_memory_win.cc(73)] ReadMemory at 0x2711ed4c7b0 of 132 bytes failed: Only part of a ReadProcessMemory or WriteProcessMemory request was completed. (0x12B)
[0525/043106.197:ERROR:process_memory_win.cc(73)] ReadMemory at 0x2711ed4cc90 of 76 bytes failed: Only part of a ReadProcessMemory or WriteProcessMemory request was completed. (0x12B)
[0525/043106.197:ERROR:process_memory_win.cc(73)] ReadMemory at 0x2711ed4cf90 of 80 bytes failed: Only part of a ReadProcessMemory or WriteProcessMemory request was completed. (0x12B)
[0525/043106.197:ERROR:process_memory_win.cc(73)] ReadMemory at 0x2711ed4e5e0 of 132 bytes failed: Only part of a ReadProcessMemory or WriteProcessMemory request was completed. (0x12B)
[0525/043106.197:ERROR:process_memory_win.cc(73)] ReadMemory at 0x2711ed4ea30 of 512 bytes failed: Only part of a ReadProcessMemory or WriteProcessMemory request was completed. (0x12B)
[0525/043106.197:ERROR:process_memory_win.cc(73)] ReadMemory at 0x2711ed4ef10 of 146 bytes failed: Only part of a ReadProcessMemory or WriteProcessMemory request was completed. (0x12B)
[0525/043106.197:ERROR:process_memory_win.cc(73)] ReadMemory at 0x2711ed4f000 of 132 bytes failed: Only part of a ReadProcessMemory or WriteProcessMemory request was completed. (0x12B)
[0525/043106.198:ERROR:process_memory_win.cc(73)] ReadMemory at 0x2711ed4f260 of 132 bytes failed: Only part of a ReadProcessMemory or WriteProcessMemory request was completed. (0x12B)
[0525/043106.198:ERROR:process_memory_win.cc(73)] ReadMemory at 0x2711ed4f5f0 of 132 bytes failed: Only part of a ReadProcessMemory or WriteProcessMemory request was completed. (0x12B)
[0525/043106.198:ERROR:process_memory_win.cc(73)] ReadMemory at 0x2711ed4fe40 of 132 bytes failed: Only part of a ReadProcessMemory or WriteProcessMemory request was completed. (0x12B)
[0525/043106.198:ERROR:process_memory_win.cc(73)] ReadMemory at 0x2711ed4ff70 of 132 bytes failed: Only part of a ReadProcessMemory or WriteProcessMemory request was completed. (0x12B)
[0525/043106.198:ERROR:process_memory_win.cc(73)] ReadMemory at 0x2711ed501d0 of 132 bytes failed: Only part of a ReadProcessMemory or WriteProcessMemory request was completed. (0x12B)
[0525/043106.198:ERROR:process_memory_win.cc(73)] ReadMemory at 0x2711ed50430 of 132 bytes failed: Only part of a ReadProcessMemory or WriteProcessMemory request was completed. (0x12B)
[0525/043106.198:ERROR:process_memory_win.cc(73)] ReadMemory at 0x2711ed508f0 of 132 bytes failed: Only part of a ReadProcessMemory or WriteProcessMemory request was completed. (0x12B)
[0525/043106.198:ERROR:process_memory_win.cc(73)] ReadMemory at 0x2711ed50b50 of 132 bytes failed: Only part of a ReadProcessMemory or WriteProcessMemory request was completed. (0x12B)
[0525/043106.198:ERROR:process_memory_win.cc(73)] ReadMemory at 0x2711ed50db0 of 132 bytes failed: Only part of a ReadProcessMemory or WriteProcessMemory request was completed. (0x12B)
[0525/043106.198:ERROR:process_memory_win.cc(73)] ReadMemory at 0x2711ed68ad0 of 512 bytes failed: Only part of a ReadProcessMemory or WriteProcessMemory request was completed. (0x12B)
[0525/043106.198:ERROR:process_memory_win.cc(73)] ReadMemory at 0x2711ef80000 of 384 bytes failed: Only part of a ReadProcessMemory or WriteProcessMemory request was completed. (0x12B)
[0525/043106.198:ERROR:process_memory_win.cc(73)] ReadMemory at 0x2711efbe028 of 512 bytes failed: Only part of a ReadProcessMemory or WriteProcessMemory request was completed. (0x12B)
[0525/043106.199:ERROR:process_memory_win.cc(73)] ReadMemory at 0x2711efc4e00 of 512 bytes failed: Only part of a ReadProcessMemory or WriteProcessMemory request was completed. (0x12B)
[0525/043106.199:ERROR:process_memory_win.cc(73)] ReadMemory at 0x4caf0aa0bf98 of 512 bytes failed: Only part of a ReadProcessMemory or WriteProcessMemory request was completed. (0x12B)
[0525/043106.199:ERROR:process_memory_win.cc(73)] ReadMemory at 0x7ffe27989cd8 of 512 bytes failed: Only part of a ReadProcessMemory or WriteProcessMemory request was completed. (0x12B)
[0525/043106.199:ERROR:process_memory_win.cc(73)] ReadMemory at 0x7ffe6a08a719 of 512 bytes failed: Only part of a ReadProcessMemory or WriteProcessMemory request was completed. (0x12B)
[0525/043106.199:ERROR:process_memory_win.cc(73)] ReadMemory at 0x7ffe6a2bb6e0 of 512 bytes failed: Only part of a ReadProcessMemory or WriteProcessMemory request was completed. (0x12B)
[0525/043106.199:ERROR:process_memory_win.cc(73)] ReadMemory at 0x7ffe6c9bc074 of 672 bytes failed: Only part of a ReadProcessMemory or WriteProcessMemory request was completed. (0x12B)
[0525/043106.199:ERROR:process_memory_win.cc(73)] ReadMemory at 0x7ffe6c9bc674 of 512 bytes failed: Only part of a ReadProcessMemory or WriteProcessMemory request was completed. (0x12B)
[0525/043106.199:ERROR:process_memory_win.cc(73)] ReadMemory at 0x7ffe6c9bf984 of 512 bytes failed: Only part of a ReadProcessMemory or WriteProcessMemory request was completed. (0x12B)
[0525/043106.199:ERROR:process_memory_win.cc(73)] ReadMemory at 0x7ffe6ca4c428 of 18 bytes failed: Only part of a ReadProcessMemory or WriteProcessMemory request was completed. (0x12B)
[0525/043106.199:ERROR:process_memory_win.cc(73)] ReadMemory at 0x7ffe6ca7f4f8 of 40 bytes failed: Only part of a ReadProcessMemory or WriteProcessMemory request was completed. (0x12B)
[0525/043106.199:ERROR:process_memory_win.cc(73)] ReadMemory at 0x7ffe6ca7f978 of 48 bytes failed: Only part of a ReadProcessMemory or WriteProcessMemory request was completed. (0x12B)
[0525/043106.199:ERROR:process_memory_win.cc(73)] ReadMemory at 0x7ffe6ca853c0 of 64 bytes failed: Only part of a ReadProcessMemory or WriteProcessMemory request was completed. (0x12B)
[0525/043106.210:ERROR:scoped_process_suspend.cc(40)] NtResumeProcess: An attempt was made to access an exiting process. (0xc000010a)
[0525/043253.533:ERROR:process_info.cc(359)] UncheckedAllocate
[0528/014241.393:ERROR:process_info.cc(359)] UncheckedAllocate
[0528/015025.093:ERROR:process_info.cc(359)] UncheckedAllocate
[0602/041237.475:ERROR:process_info.cc(359)] UncheckedAllocate
[0602/041237.478:ERROR:process_info.cc(359)] UncheckedAllocate
[0602/050804.121:ERROR:process_info.cc(359)] UncheckedAllocate
[0602/055804.872:ERROR:process_info.cc(359)] UncheckedAllocate
[0602/055804.873:ERROR:process_info.cc(359)] UncheckedAllocate
[0603/020217.282:ERROR:process_info.cc(359)] UncheckedAllocate
[0603/053530.220:ERROR:process_info.cc(359)] UncheckedAllocate
[0604/001300.809:ERROR:process_info.cc(359)] UncheckedAllocate
[0604/001300.809:ERROR:process_info.cc(359)] UncheckedAllocate
[0605/005803.563:ERROR:process_info.cc(359)] UncheckedAllocate
[0605/005906.504:ERROR:file_io.cc(134)] WriteFile: The pipe is being closed. (0xE8)
[0606/042738.061:ERROR:process_info.cc(359)] UncheckedAllocate
[0606/050750.303:ERROR:process_info.cc(359)] UncheckedAllocate
[0609/024730.287:ERROR:process_info.cc(359)] UncheckedAllocate
[0609/024730.899:ERROR:process_info.cc(359)] UncheckedAllocate
[0609/024730.969:ERROR:process_info.cc(359)] UncheckedAllocate
[0609/045713.415:ERROR:filesystem_win.cc(148)] DeleteFile C:\Users\Jefferson\AppData\Local\Google\Chrome\User Data\Crashpad\reports\3e945d4c-fb3a-477f-ae35-6a451afa464d.dmp: The process cannot access the file because it is being used by another process. (0x20)
[0611/022538.285:ERROR:process_info.cc(359)] UncheckedAllocate
[0611/022538.285:ERROR:process_info.cc(359)] UncheckedAllocate
[0612/031100.044:ERROR:process_info.cc(359)] UncheckedAllocate
