[debug] [2020-06-03T16:03:05.457Z] ----------------------------------------------------------------------
[debug] [2020-06-03T16:03:05.476Z] Command:       C:\Program Files\nodejs\node.exe C:\Users\Jefferson\AppData\Roaming\npm\node_modules\firebase-tools\lib\bin\firebase.js init
[debug] [2020-06-03T16:03:05.476Z] CLI Version:   8.4.0
[debug] [2020-06-03T16:03:05.476Z] Platform:      win32
[debug] [2020-06-03T16:03:05.476Z] Node Version:  v12.16.3
[debug] [2020-06-03T16:03:05.497Z] Time:          Thu Jun 04 2020 00:03:05 GMT+0800 (Singapore Standard Time)
[debug] [2020-06-03T16:03:05.498Z] ----------------------------------------------------------------------
[debug] [2020-06-03T16:03:05.498Z] 
[debug] [2020-06-03T16:03:05.562Z] > command requires scopes: ["email","openid","https://www.googleapis.com/auth/cloudplatformprojects.readonly","https://www.googleapis.com/auth/firebase","https://www.googleapis.com/auth/cloud-platform"]
[debug] [2020-06-03T16:03:05.563Z] > authorizing via signed-in user
[info] 
     ######## #### ########  ######## ########     ###     ######  ########
     ##        ##  ##     ## ##       ##     ##  ##   ##  ##       ##
     ######    ##  ########  ######   ########  #########  ######  ######
     ##        ##  ##    ##  ##       ##     ## ##     ##       ## ##
     ##       #### ##     ## ######## ########  ##     ##  ######  ########

You're about to initialize a Firebase project in this directory:

  C:\Users\Jefferson\Desktop\REACT\social-media\social-media

[info] 
=== Project Setup
[info] 
[info] First, let's associate this project directory with a Firebase project.
[info] You can create multiple project aliases by running firebase use --add, 
[info] but for now we'll just set up a default project.
[info] 
[debug] [2020-06-03T16:04:32.154Z] ----------------------------------------------------------------------
[debug] [2020-06-03T16:04:32.166Z] Command:       C:\Program Files\nodejs\node.exe C:\Users\Jefferson\AppData\Roaming\npm\node_modules\firebase-tools\lib\bin\firebase.js init
[debug] [2020-06-03T16:04:32.167Z] CLI Version:   8.4.0
[debug] [2020-06-03T16:04:32.167Z] Platform:      win32
[debug] [2020-06-03T16:04:32.167Z] Node Version:  v12.16.3
[debug] [2020-06-03T16:04:32.169Z] Time:          Thu Jun 04 2020 00:04:32 GMT+0800 (Singapore Standard Time)
[debug] [2020-06-03T16:04:32.169Z] ----------------------------------------------------------------------
[debug] [2020-06-03T16:04:32.169Z] 
[debug] [2020-06-03T16:04:32.184Z] > command requires scopes: ["email","openid","https://www.googleapis.com/auth/cloudplatformprojects.readonly","https://www.googleapis.com/auth/firebase","https://www.googleapis.com/auth/cloud-platform"]
[debug] [2020-06-03T16:04:32.185Z] > authorizing via signed-in user
[info] 
     ######## #### ########  ######## ########     ###     ######  ########
     ##        ##  ##     ## ##       ##     ##  ##   ##  ##       ##
     ######    ##  ########  ######   ########  #########  ######  ######
     ##        ##  ##    ##  ##       ##     ## ##     ##       ## ##
     ##       #### ##     ## ######## ########  ##     ##  ######  ########

You're about to initialize a Firebase project in this directory:

  C:\Users\Jefferson\Desktop\REACT\social-media\social-media

[debug] [2020-06-03T16:06:08.322Z] ----------------------------------------------------------------------
[debug] [2020-06-03T16:06:08.324Z] Command:       C:\Program Files\nodejs\node.exe C:\Users\Jefferson\AppData\Roaming\npm\node_modules\firebase-tools\lib\bin\firebase.js init
[debug] [2020-06-03T16:06:08.324Z] CLI Version:   8.4.0
[debug] [2020-06-03T16:06:08.324Z] Platform:      win32
[debug] [2020-06-03T16:06:08.324Z] Node Version:  v12.16.3
[debug] [2020-06-03T16:06:08.326Z] Time:          Thu Jun 04 2020 00:06:08 GMT+0800 (Singapore Standard Time)
[debug] [2020-06-03T16:06:08.326Z] ----------------------------------------------------------------------
[debug] [2020-06-03T16:06:08.326Z] 
[debug] [2020-06-03T16:06:08.332Z] > command requires scopes: ["email","openid","https://www.googleapis.com/auth/cloudplatformprojects.readonly","https://www.googleapis.com/auth/firebase","https://www.googleapis.com/auth/cloud-platform"]
[debug] [2020-06-03T16:06:08.333Z] > authorizing via signed-in user
[info] 
     ######## #### ########  ######## ########     ###     ######  ########
     ##        ##  ##     ## ##       ##     ##  ##   ##  ##       ##
     ######    ##  ########  ######   ########  #########  ######  ######
     ##        ##  ##    ##  ##       ##     ## ##     ##       ## ##
     ##       #### ##     ## ######## ########  ##     ##  ######  ########

You're about to initialize a Firebase project in this directory:

  C:\Users\Jefferson\Desktop\REACT\social-media\social-media

